<?xml version="1.0" encoding="UTF-8"?>
<!-- Generated by org.testng.reporters.JUnitXMLReporter -->
<testsuite ignored="0" hostname="LENOVO" failures="0" tests="3" name="HomePageTestCase" time="5.628" errors="0" timestamp="2024-07-15T21:08:40 IST">
  <testcase classname="com.CRM.TestCases.HomePageTestCase" name="verifyUrl" time="0.01"/>
  <testcase classname="com.CRM.TestCases.HomePageTestCase" name="velidateSignInLink" time="2.382"/>
  <testcase classname="com.CRM.TestCases.HomePageTestCase" name="verifyTitle" time="0.01"/>
</testsuite> <!-- HomePageTestCase -->
