<?xml version="1.0" encoding="UTF-8"?>
<!-- Generated by org.testng.reporters.JUnitXMLReporter -->
<testsuite ignored="0" hostname="LENOVO" failures="0" tests="3" name="HomePageTestCase" time="7.606" errors="0" timestamp="2024-07-17T21:44:49 IST">
  <testcase classname="com.CRM.TestCases.HomePageTestCase" name="verifyUrl" time="0.014"/>
  <testcase classname="com.CRM.TestCases.HomePageTestCase" name="velidateSignInLink" time="2.404"/>
  <testcase classname="com.CRM.TestCases.HomePageTestCase" name="verifyTitle" time="0.017"/>
</testsuite> <!-- HomePageTestCase -->
